{
  "fabs": [
    {
      "linie": "KWR4/2",
      "arbeitsfolge": "160_4",
      "strigger": 0,
      "mtrigger": 0,
      "status": 1,
      "lstatus": "4",
      "energy": 412617.4,
      "teilesoll": "80",
      "schichtmin": "20",
      "schichtdat": 1463311887219,
      "teile": 0,
      "teilio": 0,
      "teilnio": 0,
      "taktist": 4,
      "taktsoll": "1080",
      "prozess": 3,
      "_id": "MCmi4dcc1d",
      "plant": "X.CHE",
      "ip": "X.1.11.11:102",
      "station": "11_160_4",
      "addat": "2016-05-15T11:32:02.280Z",
      "adat": 1463311922280,
      "sdat": 1463311922280,
      "stimes": [
        null,
        0.58435
      ],
      "hteilio": [
        1,
        2,
        1
      ],
      "hstimes": [
        0,
        0,
        0,
        0,
        0,
        110580,
        24
      ],
      "hteilnio": [
        1,
        2,
        1
      ],
      "hteilabs": [
        -79,
        -78,
        -79
      ],
      "hteilabsp": [
        -0.9875,
        -0.975,
        -0.9875
      ],
      "adddat": "0"
    },
    {
      "linie": "KWR4/2",
      "strigger": 0,
      "mtrigger": 0,
      "arbeitsfolge": "160_3",
      "status": 1,
      "lstatus": "4",
      "energy": 412617.345,
      "teilesoll": "80",
      "schichtmin": "20",
      "schichtdat": 1463311907255,
      "teile": 0,
      "teilio": 1,
      "teilnio": 1,
      "taktist": 5,
      "taktsoll": "1080",
      "prozess": 3,
      "_id": "MCmi3dnc3e",
      "plant": "X.CHE",
      "ip": "X.1.11.13:102",
      "station": "Verbindung_13_160_3",
      "addat": "2016-05-15T11:32:17.298Z",
      "adat": 1463311937298,
      "sdat": 1463311907255,
      "stimes": [
        null,
        null,
        0
      ],
      "hteilio": [
        1,
        5,
        2
      ],
      "hstimes": [
        0,
        0,
        110586,
        0,
        0,
        2,
        19
      ],
      "hteilnio": [
        2,
        2,
        0
      ],
      "hteilabs": [
        -79,
        -75,
        -78
      ],
      "hteilabsp": [
        -0.9875,
        -0.9375,
        -0.975
      ],
      "adddat": "0"
    },
    {
      "linie": "KWR4/2",
      "arbeitsfolge": "170_2",
      "strigger": 0,
      "mtrigger": 0,
      "status": 1,
      "lstatus": "1",
      "energy": 412617.3,
      "teile": 0,
      "teilesoll": "50",
      "schichtmin": "30",
      "schichtdat": 1463311897235,
      "teilio": 1,
      "teilnio": 0,
      "taktist": 1,
      "taktsoll": "540",
      "prozess": 3,
      "_id": "MCmi0dc03e",
      "plant": "X.CHE",
      "ip": "X.1.11.12:65102",
      "station": "Verbindung_12_170_2",
      "addat": "2016-05-15T11:32:12.291Z",
      "adat": 1463311932291,
      "sdat": 1463311897234,
      "stimes": [],
      "hteilio": [
        1,
        0,
        0
      ],
      "hstimes": [
        0,
        110596,
        1,
        3,
        2,
        0,
        1
      ],
      "hteilnio": [
        0,
        4,
        0
      ],
      "hteilabs": [
        -49,
        -50,
        -50
      ],
      "hteilabsp": [
        -0.98,
        -1,
        -1
      ],
      "adddat": "0"
    }
  ],
  "positions": []
}